Arguments: 
  C:\Program Files\nodejs\node.exe C:\Program Files\nodejs\node_modules\yarn\bin\yarn.js add -D @fullhuman/postcss-purgecss @prettier/plugin-pug concurrently cssnano esbuild eslint eslint-config-standard eslint-plugin-standard postcss postcss-cli postcss-preset-env prettier sass

PATH: 
  C:\Users\belov\bin;C:\Program Files\Git\mingw64\bin;C:\Program Files\Git\usr\local\bin;C:\Program Files\Git\usr\bin;C:\Program Files\Git\usr\bin;C:\Program Files\Git\mingw64\bin;C:\Program Files\Git\usr\bin;C:\Users\belov\bin;C:\Users\belov\AppData\Local\Programs\Microsoft VS Code\bin;C:\Windows\system32;C:\Windows;C:\Windows\System32\Wbem;C:\Windows\System32\WindowsPowerShell\v1.0;C:\Windows\System32\OpenSSH;C:\Program Files\Git\cmd;C:\php-8.2.0;C:\ProgramData\chocolatey\bin;C:\tools\gsudo\Current;C:\Users\belov\AppData\Local\Microsoft\WindowsApps;C:\Users\belov\AppData\Roaming\npm;C:\Program Files\GitHub CLI;C:\Users\belov\AppData\Roaming\nvm;C:\Program Files\nodejs;C:\Program Files (x86)\Bitvise SSH Client;C:\Users\belov\AppData\Local\Programs\Python\Python312\Scripts;C:\Users\belov\AppData\Local\Programs\Python\Python312;C:\Users\belov\.console-ninja\.bin;C:\Users\belov\AppData\Local\Programs\Python\Python38;C:\Users\belov\AppData\Local\Programs\Microsoft VS Code\bin;C:\Users\belov\AppData\Local\Microsoft\WindowsApps;C:\Users\belov\AppData\Roaming\nvm;C:\Program Files\nodejs;C:\mongosh-2.1.1-win32-x64\bin;C:\Program Files\MongoDB\Server\7.0\bin;C:\Program Files\Git\usr\bin\vendor_perl;C:\Program Files\Git\usr\bin\core_perl

Yarn version: 
  1.22.19

Node version: 
  20.9.0

Platform: 
  win32 x64

Trace: 
  SyntaxError: C:\Users\belov\Desktop\portfolio\thoughts\package.json: Expected double-quoted property name in JSON at position 493
      at JSON.parse (<anonymous>)
      at C:\Users\belov\AppData\Roaming\npm\v20.9.0\node_modules\yarn\lib\cli.js:1629:59
      at Generator.next (<anonymous>)
      at step (C:\Users\belov\AppData\Roaming\npm\v20.9.0\node_modules\yarn\lib\cli.js:310:30)
      at C:\Users\belov\AppData\Roaming\npm\v20.9.0\node_modules\yarn\lib\cli.js:321:13

npm manifest: 
  {
  	"name": "thoughts",
  	"version": "1.0.0",
  	"description": "",
  	"main": "server.js",
  	"scripts": {
  		"w": "esbuild --bundle ./scripts/main.js --outfile=./public/bundle.js --watch",
  		"b": "esbuild --bundle ./public/js/main.js --outfile=./public/bundle.js",
  		"dev": "nodemon server.js",
  		"build": "set NODE_ENV=production&&nodemon server.js",
  		"start": "concurrently --kill-others \"yarn dev\" \"yarn d\"",
  		"debug": "ndb server.js"
  	},
  	"keywords": [],
  	"author": "",
  	"license": "MIT",
  
  }

yarn manifest: 
  No manifest

Lockfile: 
  No lockfile
